1 10 20
100 200 125
201 210 89
900 1000 174
1 1 1
384479 193788 443
345317 730814 470
277328 546588 470
762197 2025 470
963332 48962 476
348141 571003 470
431262 890486 470
75823 922642 476
316105 262751 407
174602 42078 383
626525 658863 429
387082 226083 443
6846 436033 449
672817 656392 429
193602 152483 383
629640 216360 470
565495 644561 447
435906 736812 470
135911 790103 470
293411 107315 443
566585 989959 476
156032 780964 470
200464 565923 470
774160 211450 470
76166 95137 351
649505 964231 476
502150 415641 444
57524 333755 443
879278 937573 476
688941 194915 470
888228 261208 470
652426 484999 470
14207 521704 470
370900 730214 470
894291 659940 468
573955 460344 470
85859 884043 470
718582 64515 470
622293 934405 476
427345 452122 400
598912 379023 470
456411 392840 449
222191 740683 470
935628 387716 476
82103 713501 470
868966 43724 470
724656 958922 476
262208 267467 407
429468 311145 449
40830 312038 443
7620 24224 282
601281 842781 468
483432 492860 426
868073 498629 470
605939 964898 476
512530 93142 470
655295 569044 447
55282 326662 443
96392 683602 470
381282 83599 443
5934 417152 449
680266 753132 442
167416 207220 373
344572 919051 476
990515 651437 476
724756 457950 470
393697 121191 443
370849 761735 470
824892 476087 470
574916 902528 468
908390 515965 468
650222 246443 470
487171 929656 476
234973 70476 443
569339 45428 470
876986 21204 470
690169 15766 470
211193 510058 449
542720 319739 470
74847 724192 470
219338 245762 443
352810 239820 441
555170 943230 476
42826 130663 354
220466 48163 386
316367 199445 443
940152 302132 476
434040 245034 449
230785 100799 443
424753 401719 449
514680 677155 452
139268 288438 443
721742 230777 470
12929 762099 470
600085 322925 470
891401 461635 470
990978 655142 476
983544 371381 476
203416 285008 443
5643 147715 375
